<?xml version="1.0" encoding="UTF-8"?>
<!-- Generated by org.testng.reporters.JUnitReportReporter -->
<testsuite hostname="DESKTOP-JDK94N2" failures="0" tests="1" name="AutomationFunctionalTest.Automation_Test02" time="9.671" errors="0" timestamp="2023-06-18T16:34:33 IST" skipped="0">
  <testcase classname="AutomationFunctionalTest.Automation_Test02" name="Order" time="9.671"/>
  <system-out/>
</testsuite> <!-- AutomationFunctionalTest.Automation_Test02 -->
