<?xml version="1.0" encoding="UTF-8"?>
<!-- Generated by org.testng.reporters.JUnitReportReporter -->
<testsuite hostname="DESKTOP-JDK94N2" failures="0" tests="1" name="AutomationUITest.AutomationUI4" time="24.705" errors="0" timestamp="2023-06-18T16:55:33 IST" skipped="0">
  <testcase classname="AutomationUITest.AutomationUI4" name="test" time="24.705"/>
  <system-out/>
</testsuite> <!-- AutomationUITest.AutomationUI4 -->
