<?xml version="1.0" encoding="UTF-8"?>
<!-- Generated by org.testng.reporters.JUnitReportReporter -->
<testsuite hostname="DESKTOP-JDK94N2" failures="0" tests="1" name="AutomationUITest.AutomationUI3" time="26.783" errors="0" timestamp="2023-06-18T16:52:50 IST" skipped="0">
  <testcase classname="AutomationUITest.AutomationUI3" name="test" time="26.783"/>
  <system-out/>
</testsuite> <!-- AutomationUITest.AutomationUI3 -->
