<?xml version="1.0" encoding="UTF-8"?>
<!-- Generated by org.testng.reporters.JUnitReportReporter -->
<testsuite hostname="DESKTOP-JDK94N2" failures="0" tests="1" name="AutomationUITest.AutomationUI1" time="101.328" errors="0" timestamp="2023-06-18T16:49:09 IST" skipped="0">
  <testcase classname="AutomationUITest.AutomationUI1" name="test" time="101.328"/>
  <system-out/>
</testsuite> <!-- AutomationUITest.AutomationUI1 -->
