<?xml version="1.0" encoding="UTF-8"?>
<!-- Generated by org.testng.reporters.JUnitReportReporter -->
<testsuite hostname="DESKTOP-JDK94N2" failures="0" tests="1" name="AutomationUITest.AutomationUI5" time="86.262" errors="0" timestamp="2023-06-18T16:57:10 IST" skipped="0">
  <testcase classname="AutomationUITest.AutomationUI5" name="test" time="86.262"/>
  <system-out/>
</testsuite> <!-- AutomationUITest.AutomationUI5 -->
